Arguments: 
  C:\Program Files\nodejs\node.exe C:\Program Files (x86)\Yarn\bin\yarn.js add react-native-safe-area-context@0.7.3

PATH: 
  C:\Program Files\cmder\bin;C:\Program Files\cmder\vendor\bin;C:\Program Files\cmder\vendor\conemu-maximus5\ConEmu\Scripts;C:\Program Files\cmder\vendor\conemu-maximus5;C:\Program Files\cmder\vendor\conemu-maximus5\ConEmu;C:\Program Files (x86)\Common Files\Oracle\Java\javapath;C:\ProgramData\DockerDesktop\version-bin;C:\Program Files\Docker\Docker\Resources\bin;C:\WINDOWS\system32;C:\WINDOWS;C:\WINDOWS\System32\Wbem;C:\WINDOWS\System32\WindowsPowerShell\v1.0\;C:\WINDOWS\System32\OpenSSH\;C:\Program Files\Git\cmd;C:\Program Files\NVIDIA Corporation\NVIDIA NvDLISR;C:\Program Files (x86)\NVIDIA Corporation\PhysX\Common;C:\ProgramData\chocolatey\bin;C:\Program Files\nodejs\;C:\Program Files (x86)\Yarn\bin\;C:\Users\joaao\AppData\Local\Microsoft\WindowsApps;C:\Users\joaao\AppData\Roaming\npm;C:\Users\joaao\AppData\Local\Programs\Microsoft VS Code\bin;C:\Program Files\cmder;C:\Users\joaao\AppData\Local\Yarn\bin;C:\Program Files\Git\mingw64\bin;C:\Program Files\Git\usr\bin;C:\Program Files\cmder\vendor\git-for-windows\cmd;C:\Program Files\cmder\vendor\git-for-windows\mingw64\bin;C:\Program Files\cmder\vendor\git-for-windows\usr\bin

Yarn version: 
  1.22.0

Node version: 
  12.16.1

Platform: 
  win32 x64

Trace: 
  Error: EPERM: operation not permitted, unlink 'C:\Users\joaao\Documents\Projects\Week OmniStacl 11\mobile\node_modules\file-uri-to-path\test'

npm manifest: 
  {
    "main": "node_modules/expo/AppEntry.js",
    "scripts": {
      "start": "expo start",
      "android": "expo start --android",
      "ios": "expo start --ios",
      "web": "expo start --web",
      "eject": "expo eject"
    },
    "dependencies": {
      "@react-native-community/masked-view": "0.1.5",
      "@react-navigation/native": "^5.1.3",
      "@react-navigation/stack": "^5.2.8",
      "expo": "~36.0.0",
      "react": "~16.9.0",
      "react-dom": "~16.9.0",
      "react-native": "https://github.com/expo/react-native/archive/sdk-36.0.0.tar.gz",
      "react-native-gesture-handler": "~1.5.0",
      "react-native-reanimated": "~1.4.0",
      "react-native-safe-area-context": "0.6.0",
      "react-native-screens": "2.0.0-alpha.12",
      "react-native-web": "~0.11.7",
      "expo-constants": "~8.0.0"
    },
    "devDependencies": {
      "babel-preset-expo": "~8.0.0",
      "@babel/core": "^7.0.0"
    },
    "private": true
  }

yarn manifest: 
  No manifest

Lockfile: 
  No lockfile
